2025-01-24 16:29:37 — INFO — Running with edr=0.16.1
2025-01-24 16:29:37 — INFO — Installing packages for edr internal dbt package...
2025-01-24 16:29:37 — INFO — Running dbt command --log-format json deps --project-dir /Library/Frameworks/Python.framework/Versions/3.12/lib/python3.12/site-packages/elementary/monitor/dbt_project
2025-01-24 16:29:39 — DEBUG — Running dbt command --log-format json run-operation elementary.log_macro_results --args {"macro_name": "elementary_cli.get_latest_invocation", "macro_args": {}} --project-dir /Library/Frameworks/Python.framework/Versions/3.12/lib/python3.12/site-packages/elementary/monitor/dbt_project
[31;20m2025-01-24 16:29:39 — ERROR — Unable to get the latest invocation: Failed to run dbt command.
Runtime Error
  Could not find profile named 'elementary'[0m
2025-01-24 16:29:39 — DEBUG — Running dbt command --log-format json run-operation elementary.log_macro_results --args {"macro_name": "elementary_cli.get_adapter_type_and_unique_id", "macro_args": {}} --project-dir /Library/Frameworks/Python.framework/Versions/3.12/lib/python3.12/site-packages/elementary/monitor/dbt_project
2025-01-24 16:29:39 — DEBUG — Could not get warehouse info.
Traceback (most recent call last):
  File "/Library/Frameworks/Python.framework/Versions/3.12/lib/python3.12/site-packages/elementary/monitor/data_monitoring/data_monitoring.py", line 140, in _get_warehouse_info
    self.internal_dbt_runner.run_operation(
  File "/Library/Frameworks/Python.framework/Versions/3.12/lib/python3.12/site-packages/elementary/clients/dbt/command_line_dbt_runner.py", line 177, in run_operation
    result = self._run_command(
             ^^^^^^^^^^^^^^^^^^
  File "/Library/Frameworks/Python.framework/Versions/3.12/lib/python3.12/site-packages/elementary/clients/dbt/command_line_dbt_runner.py", line 114, in _run_command
    result = self._inner_run_command(
             ^^^^^^^^^^^^^^^^^^^^^^^^
  File "/Library/Frameworks/Python.framework/Versions/3.12/lib/python3.12/site-packages/elementary/clients/dbt/api_dbt_runner.py", line 53, in _inner_run_command
    raise DbtCommandError(
elementary.exceptions.exceptions.DbtCommandError: Failed to run dbt command.
Runtime Error
  Could not find profile named 'elementary'
2025-01-24 16:29:39 — DEBUG — Running dbt command --log-format json run-operation elementary.log_macro_results --args {"macro_name": "elementary_cli.get_elementary_database_and_schema", "macro_args": {}} --project-dir /Library/Frameworks/Python.framework/Versions/3.12/lib/python3.12/site-packages/elementary/monitor/dbt_project
[31;20m2025-01-24 16:29:40 — ERROR — Failed to parse Elementary's database and schema.[0m
2025-01-24 16:29:40 — INFO — Running dbt command --log-format json run-operation elementary.log_macro_results --args {"macro_name": "elementary_cli.get_test_results", "macro_args": {"days_back": 7, "invocations_per_test": 720, "disable_passed_test_metrics": false}} --project-dir /Library/Frameworks/Python.framework/Versions/3.12/lib/python3.12/site-packages/elementary/monitor/dbt_project
[31;20m2025-01-24 16:29:40 — ERROR — Could not generate the report - Error: Failed to run dbt command.
Runtime Error
  Could not find profile named 'elementary'
Please reach out to our community for help with this issue.[0m
Traceback (most recent call last):
  File "/Library/Frameworks/Python.framework/Versions/3.12/lib/python3.12/site-packages/elementary/monitor/api/report/report.py", line 50, in get_report_data
    tests_api = TestsAPI(
                ^^^^^^^^^
  File "/Library/Frameworks/Python.framework/Versions/3.12/lib/python3.12/site-packages/elementary/monitor/api/tests/tests.py", line 43, in __init__
    self.test_results_db_rows = self._get_test_results_db_rows(
                                ^^^^^^^^^^^^^^^^^^^^^^^^^^^^^^^
  File "/Library/Frameworks/Python.framework/Versions/3.12/lib/python3.12/site-packages/elementary/monitor/api/tests/tests.py", line 55, in _get_test_results_db_rows
    return self.tests_fetcher.get_all_test_results_db_rows(
           ^^^^^^^^^^^^^^^^^^^^^^^^^^^^^^^^^^^^^^^^^^^^^^^^
  File "/Library/Frameworks/Python.framework/Versions/3.12/lib/python3.12/site-packages/elementary/monitor/fetchers/tests/tests.py", line 25, in get_all_test_results_db_rows
    run_operation_response = self.dbt_runner.run_operation(
                             ^^^^^^^^^^^^^^^^^^^^^^^^^^^^^^
  File "/Library/Frameworks/Python.framework/Versions/3.12/lib/python3.12/site-packages/elementary/clients/dbt/command_line_dbt_runner.py", line 177, in run_operation
    result = self._run_command(
             ^^^^^^^^^^^^^^^^^^
  File "/Library/Frameworks/Python.framework/Versions/3.12/lib/python3.12/site-packages/elementary/clients/dbt/command_line_dbt_runner.py", line 114, in _run_command
    result = self._inner_run_command(
             ^^^^^^^^^^^^^^^^^^^^^^^^
  File "/Library/Frameworks/Python.framework/Versions/3.12/lib/python3.12/site-packages/elementary/clients/dbt/api_dbt_runner.py", line 53, in _inner_run_command
    raise DbtCommandError(
elementary.exceptions.exceptions.DbtCommandError: Failed to run dbt command.
Runtime Error
  Could not find profile named 'elementary'
2025-01-24 16:31:21 — INFO — Running with edr=0.16.1
2025-01-24 16:31:21 — DEBUG — Running dbt command --log-format json run-operation elementary.log_macro_results --args {"macro_name": "elementary_cli.get_latest_invocation", "macro_args": {}} --project-dir /Library/Frameworks/Python.framework/Versions/3.12/lib/python3.12/site-packages/elementary/monitor/dbt_project
[31;20m2025-01-24 16:31:21 — ERROR — Unable to get the latest invocation: Failed to run dbt command.
Runtime Error
  Could not find profile named 'elementary'[0m
2025-01-24 16:31:21 — DEBUG — Running dbt command --log-format json run-operation elementary.log_macro_results --args {"macro_name": "elementary_cli.get_adapter_type_and_unique_id", "macro_args": {}} --project-dir /Library/Frameworks/Python.framework/Versions/3.12/lib/python3.12/site-packages/elementary/monitor/dbt_project
2025-01-24 16:31:21 — DEBUG — Could not get warehouse info.
Traceback (most recent call last):
  File "/Library/Frameworks/Python.framework/Versions/3.12/lib/python3.12/site-packages/elementary/monitor/data_monitoring/data_monitoring.py", line 140, in _get_warehouse_info
    self.internal_dbt_runner.run_operation(
  File "/Library/Frameworks/Python.framework/Versions/3.12/lib/python3.12/site-packages/elementary/clients/dbt/command_line_dbt_runner.py", line 177, in run_operation
    result = self._run_command(
             ^^^^^^^^^^^^^^^^^^
  File "/Library/Frameworks/Python.framework/Versions/3.12/lib/python3.12/site-packages/elementary/clients/dbt/command_line_dbt_runner.py", line 114, in _run_command
    result = self._inner_run_command(
             ^^^^^^^^^^^^^^^^^^^^^^^^
  File "/Library/Frameworks/Python.framework/Versions/3.12/lib/python3.12/site-packages/elementary/clients/dbt/api_dbt_runner.py", line 53, in _inner_run_command
    raise DbtCommandError(
elementary.exceptions.exceptions.DbtCommandError: Failed to run dbt command.
Runtime Error
  Could not find profile named 'elementary'
2025-01-24 16:31:21 — DEBUG — Running dbt command --log-format json run-operation elementary.log_macro_results --args {"macro_name": "elementary_cli.get_elementary_database_and_schema", "macro_args": {}} --project-dir /Library/Frameworks/Python.framework/Versions/3.12/lib/python3.12/site-packages/elementary/monitor/dbt_project
[31;20m2025-01-24 16:31:22 — ERROR — Failed to parse Elementary's database and schema.[0m
2025-01-24 16:31:22 — INFO — Running dbt command --log-format json run-operation elementary.log_macro_results --args {"macro_name": "elementary_cli.get_test_results", "macro_args": {"days_back": 7, "invocations_per_test": 720, "disable_passed_test_metrics": false}} --project-dir /Library/Frameworks/Python.framework/Versions/3.12/lib/python3.12/site-packages/elementary/monitor/dbt_project
[31;20m2025-01-24 16:31:22 — ERROR — Could not generate the report - Error: Failed to run dbt command.
Runtime Error
  Could not find profile named 'elementary'
Please reach out to our community for help with this issue.[0m
Traceback (most recent call last):
  File "/Library/Frameworks/Python.framework/Versions/3.12/lib/python3.12/site-packages/elementary/monitor/api/report/report.py", line 50, in get_report_data
    tests_api = TestsAPI(
                ^^^^^^^^^
  File "/Library/Frameworks/Python.framework/Versions/3.12/lib/python3.12/site-packages/elementary/monitor/api/tests/tests.py", line 43, in __init__
    self.test_results_db_rows = self._get_test_results_db_rows(
                                ^^^^^^^^^^^^^^^^^^^^^^^^^^^^^^^
  File "/Library/Frameworks/Python.framework/Versions/3.12/lib/python3.12/site-packages/elementary/monitor/api/tests/tests.py", line 55, in _get_test_results_db_rows
    return self.tests_fetcher.get_all_test_results_db_rows(
           ^^^^^^^^^^^^^^^^^^^^^^^^^^^^^^^^^^^^^^^^^^^^^^^^
  File "/Library/Frameworks/Python.framework/Versions/3.12/lib/python3.12/site-packages/elementary/monitor/fetchers/tests/tests.py", line 25, in get_all_test_results_db_rows
    run_operation_response = self.dbt_runner.run_operation(
                             ^^^^^^^^^^^^^^^^^^^^^^^^^^^^^^
  File "/Library/Frameworks/Python.framework/Versions/3.12/lib/python3.12/site-packages/elementary/clients/dbt/command_line_dbt_runner.py", line 177, in run_operation
    result = self._run_command(
             ^^^^^^^^^^^^^^^^^^
  File "/Library/Frameworks/Python.framework/Versions/3.12/lib/python3.12/site-packages/elementary/clients/dbt/command_line_dbt_runner.py", line 114, in _run_command
    result = self._inner_run_command(
             ^^^^^^^^^^^^^^^^^^^^^^^^
  File "/Library/Frameworks/Python.framework/Versions/3.12/lib/python3.12/site-packages/elementary/clients/dbt/api_dbt_runner.py", line 53, in _inner_run_command
    raise DbtCommandError(
elementary.exceptions.exceptions.DbtCommandError: Failed to run dbt command.
Runtime Error
  Could not find profile named 'elementary'
2025-01-24 16:35:32 — INFO — Running with edr=0.16.1
2025-01-24 16:35:32 — DEBUG — Running dbt command --log-format json run-operation elementary.log_macro_results --args {"macro_name": "elementary_cli.get_latest_invocation", "macro_args": {}} --project-dir /Library/Frameworks/Python.framework/Versions/3.12/lib/python3.12/site-packages/elementary/monitor/dbt_project
2025-01-24 16:35:43 — DEBUG — Result bytes size for command '['--log-format', 'json', 'run-operation', 'elementary.log_macro_results', '--args', '{"macro_name": "elementary_cli.get_latest_invocation", "macro_args": {}}', '--project-dir', '/Library/Frameworks/Python.framework/Versions/3.12/lib/python3.12/site-packages/elementary/monitor/dbt_project']' is 2415
2025-01-24 16:35:43 — DEBUG — Running dbt command --log-format json run-operation elementary.log_macro_results --args {"macro_name": "elementary_cli.get_adapter_type_and_unique_id", "macro_args": {}} --project-dir /Library/Frameworks/Python.framework/Versions/3.12/lib/python3.12/site-packages/elementary/monitor/dbt_project
2025-01-24 16:35:44 — DEBUG — Result bytes size for command '['--log-format', 'json', 'run-operation', 'elementary.log_macro_results', '--args', '{"macro_name": "elementary_cli.get_adapter_type_and_unique_id", "macro_args": {}}', '--project-dir', '/Library/Frameworks/Python.framework/Versions/3.12/lib/python3.12/site-packages/elementary/monitor/dbt_project']' is 473
2025-01-24 16:35:44 — INFO — edr (0.16.1) and Elementary's dbt package (0.16.3) are compatible.
2025-01-24 16:35:44 — DEBUG — Running dbt command --log-format json run-operation elementary.log_macro_results --args {"macro_name": "elementary_cli.get_elementary_database_and_schema", "macro_args": {}} --project-dir /Library/Frameworks/Python.framework/Versions/3.12/lib/python3.12/site-packages/elementary/monitor/dbt_project
2025-01-24 16:35:45 — DEBUG — Result bytes size for command '['--log-format', 'json', 'run-operation', 'elementary.log_macro_results', '--args', '{"macro_name": "elementary_cli.get_elementary_database_and_schema", "macro_args": {}}', '--project-dir', '/Library/Frameworks/Python.framework/Versions/3.12/lib/python3.12/site-packages/elementary/monitor/dbt_project']' is 463
2025-01-24 16:35:45 — INFO — Elementary's database and schema: '"projet-test-442516.elementary"'
2025-01-24 16:35:45 — INFO — Running dbt command --log-format json run-operation elementary.log_macro_results --args {"macro_name": "elementary_cli.get_test_results", "macro_args": {"days_back": 7, "invocations_per_test": 720, "disable_passed_test_metrics": false}} --project-dir /Library/Frameworks/Python.framework/Versions/3.12/lib/python3.12/site-packages/elementary/monitor/dbt_project
2025-01-24 16:35:50 — DEBUG — Result bytes size for command '['--log-format', 'json', 'run-operation', 'elementary.log_macro_results', '--args', '{"macro_name": "elementary_cli.get_test_results", "macro_args": {"days_back": 7, "invocations_per_test": 720, "disable_passed_test_metrics": false}}', '--project-dir', '/Library/Frameworks/Python.framework/Versions/3.12/lib/python3.12/site-packages/elementary/monitor/dbt_project']' is 32727
2025-01-24 16:35:50 — INFO — Running dbt command --log-format json run-operation elementary.log_macro_results --args {"macro_name": "elementary_cli.get_source_freshness_results", "macro_args": {"days_back": 7, "invocations_per_test": 720}} --project-dir /Library/Frameworks/Python.framework/Versions/3.12/lib/python3.12/site-packages/elementary/monitor/dbt_project
2025-01-24 16:35:53 — DEBUG — Result bytes size for command '['--log-format', 'json', 'run-operation', 'elementary.log_macro_results', '--args', '{"macro_name": "elementary_cli.get_source_freshness_results", "macro_args": {"days_back": 7, "invocations_per_test": 720}}', '--project-dir', '/Library/Frameworks/Python.framework/Versions/3.12/lib/python3.12/site-packages/elementary/monitor/dbt_project']' is 401
2025-01-24 16:35:53 — INFO — Running dbt command --log-format json run-operation elementary.log_macro_results --args {"macro_name": "elementary_cli.get_models", "macro_args": {"exclude_elementary": true}} --project-dir /Library/Frameworks/Python.framework/Versions/3.12/lib/python3.12/site-packages/elementary/monitor/dbt_project
2025-01-24 16:35:56 — DEBUG — Result bytes size for command '['--log-format', 'json', 'run-operation', 'elementary.log_macro_results', '--args', '{"macro_name": "elementary_cli.get_models", "macro_args": {"exclude_elementary": true}}', '--project-dir', '/Library/Frameworks/Python.framework/Versions/3.12/lib/python3.12/site-packages/elementary/monitor/dbt_project']' is 8513
2025-01-24 16:35:56 — INFO — Running dbt command --log-format json run-operation elementary.log_macro_results --args {"macro_name": "elementary_cli.get_sources", "macro_args": {}} --project-dir /Library/Frameworks/Python.framework/Versions/3.12/lib/python3.12/site-packages/elementary/monitor/dbt_project
2025-01-24 16:35:59 — DEBUG — Result bytes size for command '['--log-format', 'json', 'run-operation', 'elementary.log_macro_results', '--args', '{"macro_name": "elementary_cli.get_sources", "macro_args": {}}', '--project-dir', '/Library/Frameworks/Python.framework/Versions/3.12/lib/python3.12/site-packages/elementary/monitor/dbt_project']' is 4675
2025-01-24 16:35:59 — INFO — Running dbt command --log-format json run-operation elementary.log_macro_results --args {"macro_name": "elementary_cli.get_exposures", "macro_args": {}} --project-dir /Library/Frameworks/Python.framework/Versions/3.12/lib/python3.12/site-packages/elementary/monitor/dbt_project
2025-01-24 16:36:03 — DEBUG — Result bytes size for command '['--log-format', 'json', 'run-operation', 'elementary.log_macro_results', '--args', '{"macro_name": "elementary_cli.get_exposures", "macro_args": {}}', '--project-dir', '/Library/Frameworks/Python.framework/Versions/3.12/lib/python3.12/site-packages/elementary/monitor/dbt_project']' is 401
2025-01-24 16:36:03 — INFO — Running dbt command --log-format json run-operation elementary.log_macro_results --args {"macro_name": "elementary_cli.get_singular_tests", "macro_args": {}} --project-dir /Library/Frameworks/Python.framework/Versions/3.12/lib/python3.12/site-packages/elementary/monitor/dbt_project
2025-01-24 16:36:06 — DEBUG — Result bytes size for command '['--log-format', 'json', 'run-operation', 'elementary.log_macro_results', '--args', '{"macro_name": "elementary_cli.get_singular_tests", "macro_args": {}}', '--project-dir', '/Library/Frameworks/Python.framework/Versions/3.12/lib/python3.12/site-packages/elementary/monitor/dbt_project']' is 1197
2025-01-24 16:36:06 — INFO — Running dbt command --log-format json run-operation elementary.log_macro_results --args {"macro_name": "elementary_cli.get_models_runs", "macro_args": {"days_back": 7, "exclude_elementary": true}} --project-dir /Library/Frameworks/Python.framework/Versions/3.12/lib/python3.12/site-packages/elementary/monitor/dbt_project
2025-01-24 16:36:09 — DEBUG — Result bytes size for command '['--log-format', 'json', 'run-operation', 'elementary.log_macro_results', '--args', '{"macro_name": "elementary_cli.get_models_runs", "macro_args": {"days_back": 7, "exclude_elementary": true}}', '--project-dir', '/Library/Frameworks/Python.framework/Versions/3.12/lib/python3.12/site-packages/elementary/monitor/dbt_project']' is 401
2025-01-24 16:36:09 — INFO — Running dbt command --log-format json run-operation elementary.log_macro_results --args {"macro_name": "elementary_cli.get_dbt_models_test_coverage", "macro_args": {}} --project-dir /Library/Frameworks/Python.framework/Versions/3.12/lib/python3.12/site-packages/elementary/monitor/dbt_project
2025-01-24 16:36:12 — DEBUG — Result bytes size for command '['--log-format', 'json', 'run-operation', 'elementary.log_macro_results', '--args', '{"macro_name": "elementary_cli.get_dbt_models_test_coverage", "macro_args": {}}', '--project-dir', '/Library/Frameworks/Python.framework/Versions/3.12/lib/python3.12/site-packages/elementary/monitor/dbt_project']' is 955
2025-01-24 16:36:12 — INFO — Running dbt command --log-format json run-operation elementary.log_macro_results --args {"macro_name": "elementary_cli.get_nodes_depends_on_nodes", "macro_args": {"exclude_elementary": true}} --project-dir /Library/Frameworks/Python.framework/Versions/3.12/lib/python3.12/site-packages/elementary/monitor/dbt_project
2025-01-24 16:36:14 — DEBUG — Result bytes size for command '['--log-format', 'json', 'run-operation', 'elementary.log_macro_results', '--args', '{"macro_name": "elementary_cli.get_nodes_depends_on_nodes", "macro_args": {"exclude_elementary": true}}', '--project-dir', '/Library/Frameworks/Python.framework/Versions/3.12/lib/python3.12/site-packages/elementary/monitor/dbt_project']' is 5403
2025-01-24 16:36:14 — INFO — Running dbt command --log-format json run-operation elementary.log_macro_results --args {"macro_name": "elementary_cli.get_models_latest_invocation", "macro_args": {}} --project-dir /Library/Frameworks/Python.framework/Versions/3.12/lib/python3.12/site-packages/elementary/monitor/dbt_project
2025-01-24 16:36:17 — DEBUG — Result bytes size for command '['--log-format', 'json', 'run-operation', 'elementary.log_macro_results', '--args', '{"macro_name": "elementary_cli.get_models_latest_invocation", "macro_args": {}}', '--project-dir', '/Library/Frameworks/Python.framework/Versions/3.12/lib/python3.12/site-packages/elementary/monitor/dbt_project']' is 7243
2025-01-24 16:36:17 — INFO — Running dbt command --log-format json run-operation elementary.log_macro_results --args {"macro_name": "elementary_cli.get_models_latest_invocations_data", "macro_args": {}} --project-dir /Library/Frameworks/Python.framework/Versions/3.12/lib/python3.12/site-packages/elementary/monitor/dbt_project
2025-01-24 16:36:21 — DEBUG — Result bytes size for command '['--log-format', 'json', 'run-operation', 'elementary.log_macro_results', '--args', '{"macro_name": "elementary_cli.get_models_latest_invocations_data", "macro_args": {}}', '--project-dir', '/Library/Frameworks/Python.framework/Versions/3.12/lib/python3.12/site-packages/elementary/monitor/dbt_project']' is 859
2025-01-24 16:50:16 — INFO — Running with edr=0.16.1
2025-01-24 16:50:16 — DEBUG — Running dbt command --log-format json run-operation elementary.log_macro_results --args {"macro_name": "elementary_cli.get_latest_invocation", "macro_args": {}} --project-dir /Library/Frameworks/Python.framework/Versions/3.12/lib/python3.12/site-packages/elementary/monitor/dbt_project
2025-01-24 16:50:20 — DEBUG — Result bytes size for command '['--log-format', 'json', 'run-operation', 'elementary.log_macro_results', '--args', '{"macro_name": "elementary_cli.get_latest_invocation", "macro_args": {}}', '--project-dir', '/Library/Frameworks/Python.framework/Versions/3.12/lib/python3.12/site-packages/elementary/monitor/dbt_project']' is 2415
2025-01-24 16:50:20 — DEBUG — Running dbt command --log-format json run-operation elementary.log_macro_results --args {"macro_name": "elementary_cli.get_adapter_type_and_unique_id", "macro_args": {}} --project-dir /Library/Frameworks/Python.framework/Versions/3.12/lib/python3.12/site-packages/elementary/monitor/dbt_project
2025-01-24 16:50:21 — DEBUG — Result bytes size for command '['--log-format', 'json', 'run-operation', 'elementary.log_macro_results', '--args', '{"macro_name": "elementary_cli.get_adapter_type_and_unique_id", "macro_args": {}}', '--project-dir', '/Library/Frameworks/Python.framework/Versions/3.12/lib/python3.12/site-packages/elementary/monitor/dbt_project']' is 473
2025-01-24 16:50:21 — INFO — edr (0.16.1) and Elementary's dbt package (0.16.3) are compatible.
2025-01-24 16:50:21 — DEBUG — Running dbt command --log-format json run-operation elementary.log_macro_results --args {"macro_name": "elementary_cli.get_elementary_database_and_schema", "macro_args": {}} --project-dir /Library/Frameworks/Python.framework/Versions/3.12/lib/python3.12/site-packages/elementary/monitor/dbt_project
2025-01-24 16:50:21 — DEBUG — Result bytes size for command '['--log-format', 'json', 'run-operation', 'elementary.log_macro_results', '--args', '{"macro_name": "elementary_cli.get_elementary_database_and_schema", "macro_args": {}}', '--project-dir', '/Library/Frameworks/Python.framework/Versions/3.12/lib/python3.12/site-packages/elementary/monitor/dbt_project']' is 463
2025-01-24 16:50:21 — INFO — Elementary's database and schema: '"projet-test-442516.elementary"'
2025-01-24 16:50:21 — INFO — Running dbt command --log-format json run-operation elementary.log_macro_results --args {"macro_name": "elementary_cli.get_test_results", "macro_args": {"days_back": 7, "invocations_per_test": 720, "disable_passed_test_metrics": false}} --project-dir /Library/Frameworks/Python.framework/Versions/3.12/lib/python3.12/site-packages/elementary/monitor/dbt_project
2025-01-24 16:50:26 — DEBUG — Result bytes size for command '['--log-format', 'json', 'run-operation', 'elementary.log_macro_results', '--args', '{"macro_name": "elementary_cli.get_test_results", "macro_args": {"days_back": 7, "invocations_per_test": 720, "disable_passed_test_metrics": false}}', '--project-dir', '/Library/Frameworks/Python.framework/Versions/3.12/lib/python3.12/site-packages/elementary/monitor/dbt_project']' is 32727
2025-01-24 16:50:26 — INFO — Running dbt command --log-format json run-operation elementary.log_macro_results --args {"macro_name": "elementary_cli.get_source_freshness_results", "macro_args": {"days_back": 7, "invocations_per_test": 720}} --project-dir /Library/Frameworks/Python.framework/Versions/3.12/lib/python3.12/site-packages/elementary/monitor/dbt_project
2025-01-24 16:50:30 — DEBUG — Result bytes size for command '['--log-format', 'json', 'run-operation', 'elementary.log_macro_results', '--args', '{"macro_name": "elementary_cli.get_source_freshness_results", "macro_args": {"days_back": 7, "invocations_per_test": 720}}', '--project-dir', '/Library/Frameworks/Python.framework/Versions/3.12/lib/python3.12/site-packages/elementary/monitor/dbt_project']' is 401
2025-01-24 16:50:30 — INFO — Running dbt command --log-format json run-operation elementary.log_macro_results --args {"macro_name": "elementary_cli.get_models", "macro_args": {"exclude_elementary": true}} --project-dir /Library/Frameworks/Python.framework/Versions/3.12/lib/python3.12/site-packages/elementary/monitor/dbt_project
2025-01-24 16:50:33 — DEBUG — Result bytes size for command '['--log-format', 'json', 'run-operation', 'elementary.log_macro_results', '--args', '{"macro_name": "elementary_cli.get_models", "macro_args": {"exclude_elementary": true}}', '--project-dir', '/Library/Frameworks/Python.framework/Versions/3.12/lib/python3.12/site-packages/elementary/monitor/dbt_project']' is 8513
2025-01-24 16:50:33 — INFO — Running dbt command --log-format json run-operation elementary.log_macro_results --args {"macro_name": "elementary_cli.get_sources", "macro_args": {}} --project-dir /Library/Frameworks/Python.framework/Versions/3.12/lib/python3.12/site-packages/elementary/monitor/dbt_project
2025-01-24 16:50:35 — DEBUG — Result bytes size for command '['--log-format', 'json', 'run-operation', 'elementary.log_macro_results', '--args', '{"macro_name": "elementary_cli.get_sources", "macro_args": {}}', '--project-dir', '/Library/Frameworks/Python.framework/Versions/3.12/lib/python3.12/site-packages/elementary/monitor/dbt_project']' is 4675
2025-01-24 16:50:35 — INFO — Running dbt command --log-format json run-operation elementary.log_macro_results --args {"macro_name": "elementary_cli.get_exposures", "macro_args": {}} --project-dir /Library/Frameworks/Python.framework/Versions/3.12/lib/python3.12/site-packages/elementary/monitor/dbt_project
2025-01-24 16:50:39 — DEBUG — Result bytes size for command '['--log-format', 'json', 'run-operation', 'elementary.log_macro_results', '--args', '{"macro_name": "elementary_cli.get_exposures", "macro_args": {}}', '--project-dir', '/Library/Frameworks/Python.framework/Versions/3.12/lib/python3.12/site-packages/elementary/monitor/dbt_project']' is 401
2025-01-24 16:50:39 — INFO — Running dbt command --log-format json run-operation elementary.log_macro_results --args {"macro_name": "elementary_cli.get_singular_tests", "macro_args": {}} --project-dir /Library/Frameworks/Python.framework/Versions/3.12/lib/python3.12/site-packages/elementary/monitor/dbt_project
2025-01-24 16:50:41 — DEBUG — Result bytes size for command '['--log-format', 'json', 'run-operation', 'elementary.log_macro_results', '--args', '{"macro_name": "elementary_cli.get_singular_tests", "macro_args": {}}', '--project-dir', '/Library/Frameworks/Python.framework/Versions/3.12/lib/python3.12/site-packages/elementary/monitor/dbt_project']' is 1197
2025-01-24 16:50:41 — INFO — Running dbt command --log-format json run-operation elementary.log_macro_results --args {"macro_name": "elementary_cli.get_models_runs", "macro_args": {"days_back": 7, "exclude_elementary": true}} --project-dir /Library/Frameworks/Python.framework/Versions/3.12/lib/python3.12/site-packages/elementary/monitor/dbt_project
2025-01-24 16:50:44 — DEBUG — Result bytes size for command '['--log-format', 'json', 'run-operation', 'elementary.log_macro_results', '--args', '{"macro_name": "elementary_cli.get_models_runs", "macro_args": {"days_back": 7, "exclude_elementary": true}}', '--project-dir', '/Library/Frameworks/Python.framework/Versions/3.12/lib/python3.12/site-packages/elementary/monitor/dbt_project']' is 401
2025-01-24 16:50:44 — INFO — Running dbt command --log-format json run-operation elementary.log_macro_results --args {"macro_name": "elementary_cli.get_dbt_models_test_coverage", "macro_args": {}} --project-dir /Library/Frameworks/Python.framework/Versions/3.12/lib/python3.12/site-packages/elementary/monitor/dbt_project
2025-01-24 16:50:47 — DEBUG — Result bytes size for command '['--log-format', 'json', 'run-operation', 'elementary.log_macro_results', '--args', '{"macro_name": "elementary_cli.get_dbt_models_test_coverage", "macro_args": {}}', '--project-dir', '/Library/Frameworks/Python.framework/Versions/3.12/lib/python3.12/site-packages/elementary/monitor/dbt_project']' is 955
2025-01-24 16:50:47 — INFO — Running dbt command --log-format json run-operation elementary.log_macro_results --args {"macro_name": "elementary_cli.get_nodes_depends_on_nodes", "macro_args": {"exclude_elementary": true}} --project-dir /Library/Frameworks/Python.framework/Versions/3.12/lib/python3.12/site-packages/elementary/monitor/dbt_project
2025-01-24 16:50:49 — DEBUG — Result bytes size for command '['--log-format', 'json', 'run-operation', 'elementary.log_macro_results', '--args', '{"macro_name": "elementary_cli.get_nodes_depends_on_nodes", "macro_args": {"exclude_elementary": true}}', '--project-dir', '/Library/Frameworks/Python.framework/Versions/3.12/lib/python3.12/site-packages/elementary/monitor/dbt_project']' is 5403
2025-01-24 16:50:49 — INFO — Running dbt command --log-format json run-operation elementary.log_macro_results --args {"macro_name": "elementary_cli.get_models_latest_invocation", "macro_args": {}} --project-dir /Library/Frameworks/Python.framework/Versions/3.12/lib/python3.12/site-packages/elementary/monitor/dbt_project
2025-01-24 16:50:52 — DEBUG — Result bytes size for command '['--log-format', 'json', 'run-operation', 'elementary.log_macro_results', '--args', '{"macro_name": "elementary_cli.get_models_latest_invocation", "macro_args": {}}', '--project-dir', '/Library/Frameworks/Python.framework/Versions/3.12/lib/python3.12/site-packages/elementary/monitor/dbt_project']' is 7243
2025-01-24 16:50:52 — INFO — Running dbt command --log-format json run-operation elementary.log_macro_results --args {"macro_name": "elementary_cli.get_models_latest_invocations_data", "macro_args": {}} --project-dir /Library/Frameworks/Python.framework/Versions/3.12/lib/python3.12/site-packages/elementary/monitor/dbt_project
2025-01-24 16:50:54 — DEBUG — Result bytes size for command '['--log-format', 'json', 'run-operation', 'elementary.log_macro_results', '--args', '{"macro_name": "elementary_cli.get_models_latest_invocations_data", "macro_args": {}}', '--project-dir', '/Library/Frameworks/Python.framework/Versions/3.12/lib/python3.12/site-packages/elementary/monitor/dbt_project']' is 859
2025-02-04 20:47:32 — INFO — Running with edr=0.16.1
2025-02-04 20:47:32 — DEBUG — Running dbt command --log-format json run-operation elementary.log_macro_results --args {"macro_name": "elementary_cli.get_latest_invocation", "macro_args": {}} --project-dir /Library/Frameworks/Python.framework/Versions/3.12/lib/python3.12/site-packages/elementary/monitor/dbt_project
2025-02-04 20:47:36 — DEBUG — Result bytes size for command '['--log-format', 'json', 'run-operation', 'elementary.log_macro_results', '--args', '{"macro_name": "elementary_cli.get_latest_invocation", "macro_args": {}}', '--project-dir', '/Library/Frameworks/Python.framework/Versions/3.12/lib/python3.12/site-packages/elementary/monitor/dbt_project']' is 2415
2025-02-04 20:47:36 — DEBUG — Running dbt command --log-format json run-operation elementary.log_macro_results --args {"macro_name": "elementary_cli.get_adapter_type_and_unique_id", "macro_args": {}} --project-dir /Library/Frameworks/Python.framework/Versions/3.12/lib/python3.12/site-packages/elementary/monitor/dbt_project
2025-02-04 20:47:37 — DEBUG — Result bytes size for command '['--log-format', 'json', 'run-operation', 'elementary.log_macro_results', '--args', '{"macro_name": "elementary_cli.get_adapter_type_and_unique_id", "macro_args": {}}', '--project-dir', '/Library/Frameworks/Python.framework/Versions/3.12/lib/python3.12/site-packages/elementary/monitor/dbt_project']' is 473
2025-02-04 20:47:37 — INFO — edr (0.16.1) and Elementary's dbt package (0.16.1) are compatible.
2025-02-04 20:47:37 — DEBUG — Running dbt command --log-format json run-operation elementary.log_macro_results --args {"macro_name": "elementary_cli.get_elementary_database_and_schema", "macro_args": {}} --project-dir /Library/Frameworks/Python.framework/Versions/3.12/lib/python3.12/site-packages/elementary/monitor/dbt_project
2025-02-04 20:47:40 — DEBUG — Result bytes size for command '['--log-format', 'json', 'run-operation', 'elementary.log_macro_results', '--args', '{"macro_name": "elementary_cli.get_elementary_database_and_schema", "macro_args": {}}', '--project-dir', '/Library/Frameworks/Python.framework/Versions/3.12/lib/python3.12/site-packages/elementary/monitor/dbt_project']' is 463
2025-02-04 20:47:40 — INFO — Elementary's database and schema: '"projet-test-442516.elementary"'
2025-02-04 20:47:40 — INFO — Running dbt command --log-format json run-operation elementary.log_macro_results --args {"macro_name": "elementary_cli.get_test_results", "macro_args": {"days_back": 7, "invocations_per_test": 720, "disable_passed_test_metrics": false}} --project-dir /Library/Frameworks/Python.framework/Versions/3.12/lib/python3.12/site-packages/elementary/monitor/dbt_project
2025-02-04 20:47:45 — DEBUG — Result bytes size for command '['--log-format', 'json', 'run-operation', 'elementary.log_macro_results', '--args', '{"macro_name": "elementary_cli.get_test_results", "macro_args": {"days_back": 7, "invocations_per_test": 720, "disable_passed_test_metrics": false}}', '--project-dir', '/Library/Frameworks/Python.framework/Versions/3.12/lib/python3.12/site-packages/elementary/monitor/dbt_project']' is 33305
2025-02-04 20:47:45 — INFO — Running dbt command --log-format json run-operation elementary.log_macro_results --args {"macro_name": "elementary_cli.get_source_freshness_results", "macro_args": {"days_back": 7, "invocations_per_test": 720}} --project-dir /Library/Frameworks/Python.framework/Versions/3.12/lib/python3.12/site-packages/elementary/monitor/dbt_project
2025-02-04 20:47:48 — DEBUG — Result bytes size for command '['--log-format', 'json', 'run-operation', 'elementary.log_macro_results', '--args', '{"macro_name": "elementary_cli.get_source_freshness_results", "macro_args": {"days_back": 7, "invocations_per_test": 720}}', '--project-dir', '/Library/Frameworks/Python.framework/Versions/3.12/lib/python3.12/site-packages/elementary/monitor/dbt_project']' is 401
2025-02-04 20:47:48 — INFO — Running dbt command --log-format json run-operation elementary.log_macro_results --args {"macro_name": "elementary_cli.get_models", "macro_args": {"exclude_elementary": true}} --project-dir /Library/Frameworks/Python.framework/Versions/3.12/lib/python3.12/site-packages/elementary/monitor/dbt_project
2025-02-04 20:47:52 — DEBUG — Result bytes size for command '['--log-format', 'json', 'run-operation', 'elementary.log_macro_results', '--args', '{"macro_name": "elementary_cli.get_models", "macro_args": {"exclude_elementary": true}}', '--project-dir', '/Library/Frameworks/Python.framework/Versions/3.12/lib/python3.12/site-packages/elementary/monitor/dbt_project']' is 8513
2025-02-04 20:47:52 — INFO — Running dbt command --log-format json run-operation elementary.log_macro_results --args {"macro_name": "elementary_cli.get_sources", "macro_args": {}} --project-dir /Library/Frameworks/Python.framework/Versions/3.12/lib/python3.12/site-packages/elementary/monitor/dbt_project
2025-02-04 20:47:54 — DEBUG — Result bytes size for command '['--log-format', 'json', 'run-operation', 'elementary.log_macro_results', '--args', '{"macro_name": "elementary_cli.get_sources", "macro_args": {}}', '--project-dir', '/Library/Frameworks/Python.framework/Versions/3.12/lib/python3.12/site-packages/elementary/monitor/dbt_project']' is 4675
2025-02-04 20:47:54 — INFO — Running dbt command --log-format json run-operation elementary.log_macro_results --args {"macro_name": "elementary_cli.get_exposures", "macro_args": {}} --project-dir /Library/Frameworks/Python.framework/Versions/3.12/lib/python3.12/site-packages/elementary/monitor/dbt_project
2025-02-04 20:47:58 — DEBUG — Result bytes size for command '['--log-format', 'json', 'run-operation', 'elementary.log_macro_results', '--args', '{"macro_name": "elementary_cli.get_exposures", "macro_args": {}}', '--project-dir', '/Library/Frameworks/Python.framework/Versions/3.12/lib/python3.12/site-packages/elementary/monitor/dbt_project']' is 401
2025-02-04 20:47:58 — INFO — Running dbt command --log-format json run-operation elementary.log_macro_results --args {"macro_name": "elementary_cli.get_singular_tests", "macro_args": {}} --project-dir /Library/Frameworks/Python.framework/Versions/3.12/lib/python3.12/site-packages/elementary/monitor/dbt_project
2025-02-04 20:48:01 — DEBUG — Result bytes size for command '['--log-format', 'json', 'run-operation', 'elementary.log_macro_results', '--args', '{"macro_name": "elementary_cli.get_singular_tests", "macro_args": {}}', '--project-dir', '/Library/Frameworks/Python.framework/Versions/3.12/lib/python3.12/site-packages/elementary/monitor/dbt_project']' is 1197
2025-02-04 20:48:01 — INFO — Running dbt command --log-format json run-operation elementary.log_macro_results --args {"macro_name": "elementary_cli.get_models_runs", "macro_args": {"days_back": 7, "exclude_elementary": true}} --project-dir /Library/Frameworks/Python.framework/Versions/3.12/lib/python3.12/site-packages/elementary/monitor/dbt_project
2025-02-04 20:48:04 — DEBUG — Result bytes size for command '['--log-format', 'json', 'run-operation', 'elementary.log_macro_results', '--args', '{"macro_name": "elementary_cli.get_models_runs", "macro_args": {"days_back": 7, "exclude_elementary": true}}', '--project-dir', '/Library/Frameworks/Python.framework/Versions/3.12/lib/python3.12/site-packages/elementary/monitor/dbt_project']' is 401
2025-02-04 20:48:04 — INFO — Running dbt command --log-format json run-operation elementary.log_macro_results --args {"macro_name": "elementary_cli.get_dbt_models_test_coverage", "macro_args": {}} --project-dir /Library/Frameworks/Python.framework/Versions/3.12/lib/python3.12/site-packages/elementary/monitor/dbt_project
2025-02-04 20:48:07 — DEBUG — Result bytes size for command '['--log-format', 'json', 'run-operation', 'elementary.log_macro_results', '--args', '{"macro_name": "elementary_cli.get_dbt_models_test_coverage", "macro_args": {}}', '--project-dir', '/Library/Frameworks/Python.framework/Versions/3.12/lib/python3.12/site-packages/elementary/monitor/dbt_project']' is 955
2025-02-04 20:48:07 — INFO — Running dbt command --log-format json run-operation elementary.log_macro_results --args {"macro_name": "elementary_cli.get_nodes_depends_on_nodes", "macro_args": {"exclude_elementary": true}} --project-dir /Library/Frameworks/Python.framework/Versions/3.12/lib/python3.12/site-packages/elementary/monitor/dbt_project
2025-02-04 20:48:10 — DEBUG — Result bytes size for command '['--log-format', 'json', 'run-operation', 'elementary.log_macro_results', '--args', '{"macro_name": "elementary_cli.get_nodes_depends_on_nodes", "macro_args": {"exclude_elementary": true}}', '--project-dir', '/Library/Frameworks/Python.framework/Versions/3.12/lib/python3.12/site-packages/elementary/monitor/dbt_project']' is 5403
2025-02-04 20:48:10 — INFO — Running dbt command --log-format json run-operation elementary.log_macro_results --args {"macro_name": "elementary_cli.get_models_latest_invocation", "macro_args": {}} --project-dir /Library/Frameworks/Python.framework/Versions/3.12/lib/python3.12/site-packages/elementary/monitor/dbt_project
2025-02-04 20:48:13 — DEBUG — Result bytes size for command '['--log-format', 'json', 'run-operation', 'elementary.log_macro_results', '--args', '{"macro_name": "elementary_cli.get_models_latest_invocation", "macro_args": {}}', '--project-dir', '/Library/Frameworks/Python.framework/Versions/3.12/lib/python3.12/site-packages/elementary/monitor/dbt_project']' is 7243
2025-02-04 20:48:13 — INFO — Running dbt command --log-format json run-operation elementary.log_macro_results --args {"macro_name": "elementary_cli.get_models_latest_invocations_data", "macro_args": {}} --project-dir /Library/Frameworks/Python.framework/Versions/3.12/lib/python3.12/site-packages/elementary/monitor/dbt_project
2025-02-04 20:48:16 — DEBUG — Result bytes size for command '['--log-format', 'json', 'run-operation', 'elementary.log_macro_results', '--args', '{"macro_name": "elementary_cli.get_models_latest_invocations_data", "macro_args": {}}', '--project-dir', '/Library/Frameworks/Python.framework/Versions/3.12/lib/python3.12/site-packages/elementary/monitor/dbt_project']' is 859
2025-02-04 20:58:32 — INFO — Running with edr=0.16.1
2025-02-04 20:58:32 — DEBUG — Running dbt command --log-format json run-operation elementary.log_macro_results --args {"macro_name": "elementary_cli.get_latest_invocation", "macro_args": {}} --project-dir /Library/Frameworks/Python.framework/Versions/3.12/lib/python3.12/site-packages/elementary/monitor/dbt_project
2025-02-04 20:58:36 — DEBUG — Result bytes size for command '['--log-format', 'json', 'run-operation', 'elementary.log_macro_results', '--args', '{"macro_name": "elementary_cli.get_latest_invocation", "macro_args": {}}', '--project-dir', '/Library/Frameworks/Python.framework/Versions/3.12/lib/python3.12/site-packages/elementary/monitor/dbt_project']' is 2415
2025-02-04 20:58:36 — DEBUG — Running dbt command --log-format json run-operation elementary.log_macro_results --args {"macro_name": "elementary_cli.get_adapter_type_and_unique_id", "macro_args": {}} --project-dir /Library/Frameworks/Python.framework/Versions/3.12/lib/python3.12/site-packages/elementary/monitor/dbt_project
2025-02-04 20:58:37 — DEBUG — Result bytes size for command '['--log-format', 'json', 'run-operation', 'elementary.log_macro_results', '--args', '{"macro_name": "elementary_cli.get_adapter_type_and_unique_id", "macro_args": {}}', '--project-dir', '/Library/Frameworks/Python.framework/Versions/3.12/lib/python3.12/site-packages/elementary/monitor/dbt_project']' is 473
2025-02-04 20:58:37 — INFO — edr (0.16.1) and Elementary's dbt package (0.16.1) are compatible.
2025-02-04 20:58:37 — DEBUG — Running dbt command --log-format json run-operation elementary.log_macro_results --args {"macro_name": "elementary_cli.get_elementary_database_and_schema", "macro_args": {}} --project-dir /Library/Frameworks/Python.framework/Versions/3.12/lib/python3.12/site-packages/elementary/monitor/dbt_project
2025-02-04 20:58:38 — DEBUG — Result bytes size for command '['--log-format', 'json', 'run-operation', 'elementary.log_macro_results', '--args', '{"macro_name": "elementary_cli.get_elementary_database_and_schema", "macro_args": {}}', '--project-dir', '/Library/Frameworks/Python.framework/Versions/3.12/lib/python3.12/site-packages/elementary/monitor/dbt_project']' is 463
2025-02-04 20:58:38 — INFO — Elementary's database and schema: '"projet-test-442516.elementary"'
2025-02-04 20:58:38 — INFO — Running dbt command --log-format json run-operation elementary.log_macro_results --args {"macro_name": "elementary_cli.get_test_results", "macro_args": {"days_back": 7, "invocations_per_test": 720, "disable_passed_test_metrics": false}} --project-dir /Library/Frameworks/Python.framework/Versions/3.12/lib/python3.12/site-packages/elementary/monitor/dbt_project
2025-02-04 20:58:43 — DEBUG — Result bytes size for command '['--log-format', 'json', 'run-operation', 'elementary.log_macro_results', '--args', '{"macro_name": "elementary_cli.get_test_results", "macro_args": {"days_back": 7, "invocations_per_test": 720, "disable_passed_test_metrics": false}}', '--project-dir', '/Library/Frameworks/Python.framework/Versions/3.12/lib/python3.12/site-packages/elementary/monitor/dbt_project']' is 59829
2025-02-04 20:58:43 — INFO — Running dbt command --log-format json run-operation elementary.log_macro_results --args {"macro_name": "elementary_cli.get_source_freshness_results", "macro_args": {"days_back": 7, "invocations_per_test": 720}} --project-dir /Library/Frameworks/Python.framework/Versions/3.12/lib/python3.12/site-packages/elementary/monitor/dbt_project
2025-02-04 20:58:47 — DEBUG — Result bytes size for command '['--log-format', 'json', 'run-operation', 'elementary.log_macro_results', '--args', '{"macro_name": "elementary_cli.get_source_freshness_results", "macro_args": {"days_back": 7, "invocations_per_test": 720}}', '--project-dir', '/Library/Frameworks/Python.framework/Versions/3.12/lib/python3.12/site-packages/elementary/monitor/dbt_project']' is 401
2025-02-04 20:58:47 — INFO — Running dbt command --log-format json run-operation elementary.log_macro_results --args {"macro_name": "elementary_cli.get_models", "macro_args": {"exclude_elementary": true}} --project-dir /Library/Frameworks/Python.framework/Versions/3.12/lib/python3.12/site-packages/elementary/monitor/dbt_project
2025-02-04 20:58:54 — DEBUG — Result bytes size for command '['--log-format', 'json', 'run-operation', 'elementary.log_macro_results', '--args', '{"macro_name": "elementary_cli.get_models", "macro_args": {"exclude_elementary": true}}', '--project-dir', '/Library/Frameworks/Python.framework/Versions/3.12/lib/python3.12/site-packages/elementary/monitor/dbt_project']' is 8513
2025-02-04 20:58:54 — INFO — Running dbt command --log-format json run-operation elementary.log_macro_results --args {"macro_name": "elementary_cli.get_sources", "macro_args": {}} --project-dir /Library/Frameworks/Python.framework/Versions/3.12/lib/python3.12/site-packages/elementary/monitor/dbt_project
2025-02-04 20:58:57 — DEBUG — Result bytes size for command '['--log-format', 'json', 'run-operation', 'elementary.log_macro_results', '--args', '{"macro_name": "elementary_cli.get_sources", "macro_args": {}}', '--project-dir', '/Library/Frameworks/Python.framework/Versions/3.12/lib/python3.12/site-packages/elementary/monitor/dbt_project']' is 4675
2025-02-04 20:58:57 — INFO — Running dbt command --log-format json run-operation elementary.log_macro_results --args {"macro_name": "elementary_cli.get_exposures", "macro_args": {}} --project-dir /Library/Frameworks/Python.framework/Versions/3.12/lib/python3.12/site-packages/elementary/monitor/dbt_project
2025-02-04 20:59:01 — DEBUG — Result bytes size for command '['--log-format', 'json', 'run-operation', 'elementary.log_macro_results', '--args', '{"macro_name": "elementary_cli.get_exposures", "macro_args": {}}', '--project-dir', '/Library/Frameworks/Python.framework/Versions/3.12/lib/python3.12/site-packages/elementary/monitor/dbt_project']' is 401
2025-02-04 20:59:01 — INFO — Running dbt command --log-format json run-operation elementary.log_macro_results --args {"macro_name": "elementary_cli.get_singular_tests", "macro_args": {}} --project-dir /Library/Frameworks/Python.framework/Versions/3.12/lib/python3.12/site-packages/elementary/monitor/dbt_project
2025-02-04 20:59:08 — DEBUG — Result bytes size for command '['--log-format', 'json', 'run-operation', 'elementary.log_macro_results', '--args', '{"macro_name": "elementary_cli.get_singular_tests", "macro_args": {}}', '--project-dir', '/Library/Frameworks/Python.framework/Versions/3.12/lib/python3.12/site-packages/elementary/monitor/dbt_project']' is 1197
2025-02-04 20:59:08 — INFO — Running dbt command --log-format json run-operation elementary.log_macro_results --args {"macro_name": "elementary_cli.get_models_runs", "macro_args": {"days_back": 7, "exclude_elementary": true}} --project-dir /Library/Frameworks/Python.framework/Versions/3.12/lib/python3.12/site-packages/elementary/monitor/dbt_project
2025-02-04 20:59:11 — DEBUG — Result bytes size for command '['--log-format', 'json', 'run-operation', 'elementary.log_macro_results', '--args', '{"macro_name": "elementary_cli.get_models_runs", "macro_args": {"days_back": 7, "exclude_elementary": true}}', '--project-dir', '/Library/Frameworks/Python.framework/Versions/3.12/lib/python3.12/site-packages/elementary/monitor/dbt_project']' is 401
2025-02-04 20:59:11 — INFO — Running dbt command --log-format json run-operation elementary.log_macro_results --args {"macro_name": "elementary_cli.get_dbt_models_test_coverage", "macro_args": {}} --project-dir /Library/Frameworks/Python.framework/Versions/3.12/lib/python3.12/site-packages/elementary/monitor/dbt_project
2025-02-04 20:59:14 — DEBUG — Result bytes size for command '['--log-format', 'json', 'run-operation', 'elementary.log_macro_results', '--args', '{"macro_name": "elementary_cli.get_dbt_models_test_coverage", "macro_args": {}}', '--project-dir', '/Library/Frameworks/Python.framework/Versions/3.12/lib/python3.12/site-packages/elementary/monitor/dbt_project']' is 955
2025-02-04 20:59:14 — INFO — Running dbt command --log-format json run-operation elementary.log_macro_results --args {"macro_name": "elementary_cli.get_nodes_depends_on_nodes", "macro_args": {"exclude_elementary": true}} --project-dir /Library/Frameworks/Python.framework/Versions/3.12/lib/python3.12/site-packages/elementary/monitor/dbt_project
2025-02-04 20:59:17 — DEBUG — Result bytes size for command '['--log-format', 'json', 'run-operation', 'elementary.log_macro_results', '--args', '{"macro_name": "elementary_cli.get_nodes_depends_on_nodes", "macro_args": {"exclude_elementary": true}}', '--project-dir', '/Library/Frameworks/Python.framework/Versions/3.12/lib/python3.12/site-packages/elementary/monitor/dbt_project']' is 5403
2025-02-04 20:59:17 — INFO — Running dbt command --log-format json run-operation elementary.log_macro_results --args {"macro_name": "elementary_cli.get_models_latest_invocation", "macro_args": {}} --project-dir /Library/Frameworks/Python.framework/Versions/3.12/lib/python3.12/site-packages/elementary/monitor/dbt_project
2025-02-04 20:59:22 — DEBUG — Result bytes size for command '['--log-format', 'json', 'run-operation', 'elementary.log_macro_results', '--args', '{"macro_name": "elementary_cli.get_models_latest_invocation", "macro_args": {}}', '--project-dir', '/Library/Frameworks/Python.framework/Versions/3.12/lib/python3.12/site-packages/elementary/monitor/dbt_project']' is 7243
2025-02-04 20:59:22 — INFO — Running dbt command --log-format json run-operation elementary.log_macro_results --args {"macro_name": "elementary_cli.get_models_latest_invocations_data", "macro_args": {}} --project-dir /Library/Frameworks/Python.framework/Versions/3.12/lib/python3.12/site-packages/elementary/monitor/dbt_project
2025-02-04 20:59:25 — DEBUG — Result bytes size for command '['--log-format', 'json', 'run-operation', 'elementary.log_macro_results', '--args', '{"macro_name": "elementary_cli.get_models_latest_invocations_data", "macro_args": {}}', '--project-dir', '/Library/Frameworks/Python.framework/Versions/3.12/lib/python3.12/site-packages/elementary/monitor/dbt_project']' is 859
2025-02-04 21:43:56 — INFO — Running with edr=0.16.1
2025-02-04 21:43:56 — DEBUG — Running dbt command --log-format json run-operation elementary.log_macro_results --args {"macro_name": "elementary_cli.get_latest_invocation", "macro_args": {}} --project-dir /Library/Frameworks/Python.framework/Versions/3.12/lib/python3.12/site-packages/elementary/monitor/dbt_project
2025-02-04 21:44:01 — DEBUG — Result bytes size for command '['--log-format', 'json', 'run-operation', 'elementary.log_macro_results', '--args', '{"macro_name": "elementary_cli.get_latest_invocation", "macro_args": {}}', '--project-dir', '/Library/Frameworks/Python.framework/Versions/3.12/lib/python3.12/site-packages/elementary/monitor/dbt_project']' is 2415
2025-02-04 21:44:01 — DEBUG — Running dbt command --log-format json run-operation elementary.log_macro_results --args {"macro_name": "elementary_cli.get_adapter_type_and_unique_id", "macro_args": {}} --project-dir /Library/Frameworks/Python.framework/Versions/3.12/lib/python3.12/site-packages/elementary/monitor/dbt_project
2025-02-04 21:44:02 — DEBUG — Result bytes size for command '['--log-format', 'json', 'run-operation', 'elementary.log_macro_results', '--args', '{"macro_name": "elementary_cli.get_adapter_type_and_unique_id", "macro_args": {}}', '--project-dir', '/Library/Frameworks/Python.framework/Versions/3.12/lib/python3.12/site-packages/elementary/monitor/dbt_project']' is 473
2025-02-04 21:44:02 — INFO — edr (0.16.1) and Elementary's dbt package (0.16.4) are compatible.
2025-02-04 21:44:02 — DEBUG — Running dbt command --log-format json run-operation elementary.log_macro_results --args {"macro_name": "elementary_cli.get_elementary_database_and_schema", "macro_args": {}} --project-dir /Library/Frameworks/Python.framework/Versions/3.12/lib/python3.12/site-packages/elementary/monitor/dbt_project
2025-02-04 21:44:03 — DEBUG — Result bytes size for command '['--log-format', 'json', 'run-operation', 'elementary.log_macro_results', '--args', '{"macro_name": "elementary_cli.get_elementary_database_and_schema", "macro_args": {}}', '--project-dir', '/Library/Frameworks/Python.framework/Versions/3.12/lib/python3.12/site-packages/elementary/monitor/dbt_project']' is 463
2025-02-04 21:44:03 — INFO — Elementary's database and schema: '"projet-test-442516.elementary"'
2025-02-04 21:44:03 — INFO — Running dbt command --log-format json run-operation elementary.log_macro_results --args {"macro_name": "elementary_cli.get_test_results", "macro_args": {"days_back": 7, "invocations_per_test": 720, "disable_passed_test_metrics": false}} --project-dir /Library/Frameworks/Python.framework/Versions/3.12/lib/python3.12/site-packages/elementary/monitor/dbt_project
2025-02-04 21:44:08 — DEBUG — Result bytes size for command '['--log-format', 'json', 'run-operation', 'elementary.log_macro_results', '--args', '{"macro_name": "elementary_cli.get_test_results", "macro_args": {"days_back": 7, "invocations_per_test": 720, "disable_passed_test_metrics": false}}', '--project-dir', '/Library/Frameworks/Python.framework/Versions/3.12/lib/python3.12/site-packages/elementary/monitor/dbt_project']' is 66561
2025-02-04 21:44:08 — INFO — Running dbt command --log-format json run-operation elementary.log_macro_results --args {"macro_name": "elementary_cli.get_source_freshness_results", "macro_args": {"days_back": 7, "invocations_per_test": 720}} --project-dir /Library/Frameworks/Python.framework/Versions/3.12/lib/python3.12/site-packages/elementary/monitor/dbt_project
2025-02-04 21:44:12 — DEBUG — Result bytes size for command '['--log-format', 'json', 'run-operation', 'elementary.log_macro_results', '--args', '{"macro_name": "elementary_cli.get_source_freshness_results", "macro_args": {"days_back": 7, "invocations_per_test": 720}}', '--project-dir', '/Library/Frameworks/Python.framework/Versions/3.12/lib/python3.12/site-packages/elementary/monitor/dbt_project']' is 401
2025-02-04 21:44:12 — INFO — Running dbt command --log-format json run-operation elementary.log_macro_results --args {"macro_name": "elementary_cli.get_models", "macro_args": {"exclude_elementary": true}} --project-dir /Library/Frameworks/Python.framework/Versions/3.12/lib/python3.12/site-packages/elementary/monitor/dbt_project
2025-02-04 21:44:15 — DEBUG — Result bytes size for command '['--log-format', 'json', 'run-operation', 'elementary.log_macro_results', '--args', '{"macro_name": "elementary_cli.get_models", "macro_args": {"exclude_elementary": true}}', '--project-dir', '/Library/Frameworks/Python.framework/Versions/3.12/lib/python3.12/site-packages/elementary/monitor/dbt_project']' is 8513
2025-02-04 21:44:15 — INFO — Running dbt command --log-format json run-operation elementary.log_macro_results --args {"macro_name": "elementary_cli.get_sources", "macro_args": {}} --project-dir /Library/Frameworks/Python.framework/Versions/3.12/lib/python3.12/site-packages/elementary/monitor/dbt_project
2025-02-04 21:44:18 — DEBUG — Result bytes size for command '['--log-format', 'json', 'run-operation', 'elementary.log_macro_results', '--args', '{"macro_name": "elementary_cli.get_sources", "macro_args": {}}', '--project-dir', '/Library/Frameworks/Python.framework/Versions/3.12/lib/python3.12/site-packages/elementary/monitor/dbt_project']' is 4675
2025-02-04 21:44:18 — INFO — Running dbt command --log-format json run-operation elementary.log_macro_results --args {"macro_name": "elementary_cli.get_exposures", "macro_args": {}} --project-dir /Library/Frameworks/Python.framework/Versions/3.12/lib/python3.12/site-packages/elementary/monitor/dbt_project
2025-02-04 21:44:27 — DEBUG — Result bytes size for command '['--log-format', 'json', 'run-operation', 'elementary.log_macro_results', '--args', '{"macro_name": "elementary_cli.get_exposures", "macro_args": {}}', '--project-dir', '/Library/Frameworks/Python.framework/Versions/3.12/lib/python3.12/site-packages/elementary/monitor/dbt_project']' is 401
2025-02-04 21:44:27 — INFO — Running dbt command --log-format json run-operation elementary.log_macro_results --args {"macro_name": "elementary_cli.get_singular_tests", "macro_args": {}} --project-dir /Library/Frameworks/Python.framework/Versions/3.12/lib/python3.12/site-packages/elementary/monitor/dbt_project
2025-02-04 21:44:29 — DEBUG — Result bytes size for command '['--log-format', 'json', 'run-operation', 'elementary.log_macro_results', '--args', '{"macro_name": "elementary_cli.get_singular_tests", "macro_args": {}}', '--project-dir', '/Library/Frameworks/Python.framework/Versions/3.12/lib/python3.12/site-packages/elementary/monitor/dbt_project']' is 1197
2025-02-04 21:44:29 — INFO — Running dbt command --log-format json run-operation elementary.log_macro_results --args {"macro_name": "elementary_cli.get_models_runs", "macro_args": {"days_back": 7, "exclude_elementary": true}} --project-dir /Library/Frameworks/Python.framework/Versions/3.12/lib/python3.12/site-packages/elementary/monitor/dbt_project
2025-02-04 21:44:33 — DEBUG — Result bytes size for command '['--log-format', 'json', 'run-operation', 'elementary.log_macro_results', '--args', '{"macro_name": "elementary_cli.get_models_runs", "macro_args": {"days_back": 7, "exclude_elementary": true}}', '--project-dir', '/Library/Frameworks/Python.framework/Versions/3.12/lib/python3.12/site-packages/elementary/monitor/dbt_project']' is 401
2025-02-04 21:44:33 — INFO — Running dbt command --log-format json run-operation elementary.log_macro_results --args {"macro_name": "elementary_cli.get_dbt_models_test_coverage", "macro_args": {}} --project-dir /Library/Frameworks/Python.framework/Versions/3.12/lib/python3.12/site-packages/elementary/monitor/dbt_project
2025-02-04 21:44:36 — DEBUG — Result bytes size for command '['--log-format', 'json', 'run-operation', 'elementary.log_macro_results', '--args', '{"macro_name": "elementary_cli.get_dbt_models_test_coverage", "macro_args": {}}', '--project-dir', '/Library/Frameworks/Python.framework/Versions/3.12/lib/python3.12/site-packages/elementary/monitor/dbt_project']' is 955
2025-02-04 21:44:36 — INFO — Running dbt command --log-format json run-operation elementary.log_macro_results --args {"macro_name": "elementary_cli.get_nodes_depends_on_nodes", "macro_args": {"exclude_elementary": true}} --project-dir /Library/Frameworks/Python.framework/Versions/3.12/lib/python3.12/site-packages/elementary/monitor/dbt_project
2025-02-04 21:44:39 — DEBUG — Result bytes size for command '['--log-format', 'json', 'run-operation', 'elementary.log_macro_results', '--args', '{"macro_name": "elementary_cli.get_nodes_depends_on_nodes", "macro_args": {"exclude_elementary": true}}', '--project-dir', '/Library/Frameworks/Python.framework/Versions/3.12/lib/python3.12/site-packages/elementary/monitor/dbt_project']' is 5403
2025-02-04 21:44:39 — INFO — Running dbt command --log-format json run-operation elementary.log_macro_results --args {"macro_name": "elementary_cli.get_models_latest_invocation", "macro_args": {}} --project-dir /Library/Frameworks/Python.framework/Versions/3.12/lib/python3.12/site-packages/elementary/monitor/dbt_project
2025-02-04 21:44:41 — DEBUG — Result bytes size for command '['--log-format', 'json', 'run-operation', 'elementary.log_macro_results', '--args', '{"macro_name": "elementary_cli.get_models_latest_invocation", "macro_args": {}}', '--project-dir', '/Library/Frameworks/Python.framework/Versions/3.12/lib/python3.12/site-packages/elementary/monitor/dbt_project']' is 7243
2025-02-04 21:44:41 — INFO — Running dbt command --log-format json run-operation elementary.log_macro_results --args {"macro_name": "elementary_cli.get_models_latest_invocations_data", "macro_args": {}} --project-dir /Library/Frameworks/Python.framework/Versions/3.12/lib/python3.12/site-packages/elementary/monitor/dbt_project
2025-02-04 21:44:44 — DEBUG — Result bytes size for command '['--log-format', 'json', 'run-operation', 'elementary.log_macro_results', '--args', '{"macro_name": "elementary_cli.get_models_latest_invocations_data", "macro_args": {}}', '--project-dir', '/Library/Frameworks/Python.framework/Versions/3.12/lib/python3.12/site-packages/elementary/monitor/dbt_project']' is 859
